# JRE version: Java(TM) SE Runtime Environment (8.0_102-b14) (build 1.8.0_102-b14)
# Java VM: Java HotSpot(TM) 64-Bit Server VM (25.102-b14 mixed mode windows-amd64 compressed oops)
Heap:
 PSYoungGen      total 251392K, used 135429K [0x00000000eab00000, 0x00000000fba00000, 0x0000000100000000)
  eden space 238592K, 56% used [0x00000000eab00000,0x00000000f2f41578,0x00000000f9400000)
  from space 12800K, 0% used [0x00000000fa280000,0x00000000fa280000,0x00000000faf00000)
  to   space 14848K, 0% used [0x00000000f9400000,0x00000000f9400000,0x00000000fa280000)
 ParOldGen       total 70144K, used 20209K [0x00000000c0000000, 0x00000000c4480000, 0x00000000eab00000)
  object space 70144K, 28% used [0x00000000c0000000,0x00000000c13bc610,0x00000000c4480000)
 Metaspace       used 44810K, capacity 45620K, committed 45696K, reserved 1089536K
  class space    used 6275K, capacity 6485K, committed 6528K, reserved 1048576K
GC Heap History (10 events):
Event: 13.010 GC heap before
{Heap before GC invocations=4 (full 1):
 PSYoungGen      total 71680K, used 5088K [0x00000000eab00000, 0x00000000f3700000, 0x0000000100000000)
  eden space 66560K, 0% used [0x00000000eab00000,0x00000000eab00000,0x00000000eec00000)
  from space 5120K, 99% used [0x00000000eec00000,0x00000000ef0f8020,0x00000000ef100000)
  to   space 5120K, 0% used [0x00000000f3200000,0x00000000f3200000,0x00000000f3700000)
 ParOldGen       total 87552K, used 7967K [0x00000000c0000000, 0x00000000c5580000, 0x00000000eab00000)
  object space 87552K, 9% used [0x00000000c0000000,0x00000000c07c7c58,0x00000000c5580000)
 Metaspace       used 20854K, capacity 21212K, committed 21296K, reserved 1067008K
  class space    used 2816K, capacity 2937K, committed 2944K, reserved 1048576K
Event: 13.127 GC heap after
Heap after GC invocations=4 (full 1):
 PSYoungGen      total 71680K, used 0K [0x00000000eab00000, 0x00000000f3700000, 0x0000000100000000)
  eden space 66560K, 0% used [0x00000000eab00000,0x00000000eab00000,0x00000000eec00000)
  from space 5120K, 0% used [0x00000000eec00000,0x00000000eec00000,0x00000000ef100000)
  to   space 5120K, 0% used [0x00000000f3200000,0x00000000f3200000,0x00000000f3700000)
 ParOldGen       total 55296K, used 11855K [0x00000000c0000000, 0x00000000c3600000, 0x00000000eab00000)
  object space 55296K, 21% used [0x00000000c0000000,0x00000000c0b93f08,0x00000000c3600000)
 Metaspace       used 20854K, capacity 21212K, committed 21296K, reserved 1067008K
  class space    used 2816K, capacity 2937K, committed 2944K, reserved 1048576K
}
Event: 16.095 GC heap before
{Heap before GC invocations=5 (full 1):
 PSYoungGen      total 71680K, used 66560K [0x00000000eab00000, 0x00000000f3700000, 0x0000000100000000)
  eden space 66560K, 100% used [0x00000000eab00000,0x00000000eec00000,0x00000000eec00000)
  from space 5120K, 0% used [0x00000000eec00000,0x00000000eec00000,0x00000000ef100000)
  to   space 5120K, 0% used [0x00000000f3200000,0x00000000f3200000,0x00000000f3700000)
 ParOldGen       total 55296K, used 11855K [0x00000000c0000000, 0x00000000c3600000, 0x00000000eab00000)
  object space 55296K, 21% used [0x00000000c0000000,0x00000000c0b93f08,0x00000000c3600000)
 Metaspace       used 26020K, capacity 26386K, committed 26624K, reserved 1073152K
  class space    used 3674K, capacity 3759K, committed 3840K, reserved 1048576K
Event: 16.115 GC heap after
Heap after GC invocations=5 (full 1):
 PSYoungGen      total 132608K, used 5093K [0x00000000eab00000, 0x00000000f3700000, 0x0000000100000000)
  eden space 127488K, 0% used [0x00000000eab00000,0x00000000eab00000,0x00000000f2780000)
  from space 5120K, 99% used [0x00000000f3200000,0x00000000f36f9458,0x00000000f3700000)
  to   space 5120K, 0% used [0x00000000f2d00000,0x00000000f2d00000,0x00000000f3200000)
 ParOldGen       total 55296K, used 14160K [0x00000000c0000000, 0x00000000c3600000, 0x00000000eab00000)
  object space 55296K, 25% used [0x00000000c0000000,0x00000000c0dd4108,0x00000000c3600000)
 Metaspace       used 26020K, capacity 26386K, committed 26624K, reserved 1073152K
  class space    used 3674K, capacity 3759K, committed 3840K, reserved 1048576K
}
Event: 22.449 GC heap before
{Heap before GC invocations=6 (full 1):
 PSYoungGen      total 132608K, used 132581K [0x00000000eab00000, 0x00000000f3700000, 0x0000000100000000)
  eden space 127488K, 100% used [0x00000000eab00000,0x00000000f2780000,0x00000000f2780000)
  from space 5120K, 99% used [0x00000000f3200000,0x00000000f36f9458,0x00000000f3700000)
  to   space 5120K, 0% used [0x00000000f2d00000,0x00000000f2d00000,0x00000000f3200000)
 ParOldGen       total 55296K, used 14160K [0x00000000c0000000, 0x00000000c3600000, 0x00000000eab00000)
  object space 55296K, 25% used [0x00000000c0000000,0x00000000c0dd4108,0x00000000c3600000)
 Metaspace       used 30944K, capacity 31484K, committed 31616K, reserved 1077248K
  class space    used 4288K, capacity 4457K, committed 4480K, reserved 1048576K
Event: 22.480 GC heap after
Heap after GC invocations=6 (full 1):
 PSYoungGen      total 138240K, used 5088K [0x00000000eab00000, 0x00000000faf00000, 0x0000000100000000)
  eden space 133120K, 0% used [0x00000000eab00000,0x00000000eab00000,0x00000000f2d00000)
  from space 5120K, 99% used [0x00000000f2d00000,0x00000000f31f8020,0x00000000f3200000)
  to   space 12800K, 0% used [0x00000000fa280000,0x00000000fa280000,0x00000000faf00000)
 ParOldGen       total 55296K, used 18761K [0x00000000c0000000, 0x00000000c3600000, 0x00000000eab00000)
  object space 55296K, 33% used [0x00000000c0000000,0x00000000c12526b0,0x00000000c3600000)
 Metaspace       used 30944K, capacity 31484K, committed 31616K, reserved 1077248K
  class space    used 4288K, capacity 4457K, committed 4480K, reserved 1048576K
}
Event: 24.025 GC heap before
{Heap before GC invocations=7 (full 1):
 PSYoungGen      total 138240K, used 72511K [0x00000000eab00000, 0x00000000faf00000, 0x0000000100000000)
  eden space 133120K, 50% used [0x00000000eab00000,0x00000000eecd7dd8,0x00000000f2d00000)
  from space 5120K, 99% used [0x00000000f2d00000,0x00000000f31f8020,0x00000000f3200000)
  to   space 12800K, 0% used [0x00000000fa280000,0x00000000fa280000,0x00000000faf00000)
 ParOldGen       total 55296K, used 18761K [0x00000000c0000000, 0x00000000c3600000, 0x00000000eab00000)
  object space 55296K, 33% used [0x00000000c0000000,0x00000000c12526b0,0x00000000c3600000)
 Metaspace       used 34781K, capacity 35390K, committed 35456K, reserved 1079296K
  class space    used 4812K, capacity 4983K, committed 4992K, reserved 1048576K
Event: 24.054 GC heap after
Heap after GC invocations=7 (full 1):
 PSYoungGen      total 251392K, used 12771K [0x00000000eab00000, 0x00000000fba00000, 0x0000000100000000)
  eden space 238592K, 0% used [0x00000000eab00000,0x00000000eab00000,0x00000000f9400000)
  from space 12800K, 99% used [0x00000000fa280000,0x00000000faef8d00,0x00000000faf00000)
  to   space 14848K, 0% used [0x00000000f9400000,0x00000000f9400000,0x00000000fa280000)
 ParOldGen       total 55296K, used 19145K [0x00000000c0000000, 0x00000000c3600000, 0x00000000eab00000)
  object space 55296K, 34% used [0x00000000c0000000,0x00000000c12b2590,0x00000000c3600000)
 Metaspace       used 34781K, capacity 35390K, committed 35456K, reserved 1079296K
  class space    used 4812K, capacity 4983K, committed 4992K, reserved 1048576K
}
Event: 24.054 GC heap before
{Heap before GC invocations=8 (full 2):
 PSYoungGen      total 251392K, used 12771K [0x00000000eab00000, 0x00000000fba00000, 0x0000000100000000)
  eden space 238592K, 0% used [0x00000000eab00000,0x00000000eab00000,0x00000000f9400000)
  from space 12800K, 99% used [0x00000000fa280000,0x00000000faef8d00,0x00000000faf00000)
  to   space 14848K, 0% used [0x00000000f9400000,0x00000000f9400000,0x00000000fa280000)
 ParOldGen       total 55296K, used 19145K [0x00000000c0000000, 0x00000000c3600000, 0x00000000eab00000)
  object space 55296K, 34% used [0x00000000c0000000,0x00000000c12b2590,0x00000000c3600000)
 Metaspace       used 34781K, capacity 35390K, committed 35456K, reserved 1079296K
  class space    used 4812K, capacity 4983K, committed 4992K, reserved 1048576K
Event: 24.234 GC heap after
Heap after GC invocations=8 (full 2):
 PSYoungGen      total 251392K, used 0K [0x00000000eab00000, 0x00000000fba00000, 0x0000000100000000)
  eden space 238592K, 0% used [0x00000000eab00000,0x00000000eab00000,0x00000000f9400000)
  from space 12800K, 0% used [0x00000000fa280000,0x00000000fa280000,0x00000000faf00000)
  to   space 14848K, 0% used [0x00000000f9400000,0x00000000f9400000,0x00000000fa280000)
 ParOldGen       total 70144K, used 20209K [0x00000000c0000000, 0x00000000c4480000, 0x00000000eab00000)
  object space 70144K, 28% used [0x00000000c0000000,0x00000000c13bc610,0x00000000c4480000)
 Metaspace       used 34781K, capacity 35390K, committed 35456K, reserved 1079296K
  class space    used 4812K, capacity 4983K, committed 4992K, reserved 1048576K
}

